<?xml version="1.0" encoding="UTF-8"?>
<!-- Generated by org.testng.reporters.JUnitReportReporter -->
<testsuite skipped="0" hostname="P11-AS-43V5LC2" name="com.uthej.testcases.Tripadvisor" tests="8" failures="0" timestamp="25 Feb 2020 17:33:47 GMT" time="44.426" errors="0">
  <testcase name="homepageTripAdvisor" time="0.065" classname="com.uthej.testcases.Tripadvisor"/>
  <testcase name="enterNameSearchBox" time="7.030" classname="com.uthej.testcases.Tripadvisor"/>
  <testcase name="navigatefirst" time="14.121" classname="com.uthej.testcases.Tripadvisor"/>
  <testcase name="Review" time="0.469" classname="com.uthej.testcases.Tripadvisor"/>
  <testcase name="rating" time="16.727" classname="com.uthej.testcases.Tripadvisor"/>
  <testcase name="title" time="5.334" classname="com.uthej.testcases.Tripadvisor"/>
  <testcase name="hotelrating" time="0.351" classname="com.uthej.testcases.Tripadvisor"/>
  <testcase name="submit" time="0.329" classname="com.uthej.testcases.Tripadvisor"/>
</testsuite> <!-- com.uthej.testcases.Tripadvisor -->
