<?xml version="1.0" encoding="UTF-8"?>
<!-- Generated by org.testng.reporters.JUnitReportReporter -->
<testsuite skipped="0" hostname="P11-AS-43V5LC2" name="com.uthej.testcases.IphoneSearch" tests="9" failures="0" timestamp="20 Feb 2020 06:58:34 GMT" time="48.261" errors="0">
  <testcase name="homePageAmazon" time="0.066" classname="com.uthej.testcases.IphoneSearch"/>
  <testcase name="enterNameSearchBox" time="1.210" classname="com.uthej.testcases.IphoneSearch"/>
  <testcase name="clicksearchbutton" time="13.096" classname="com.uthej.testcases.IphoneSearch"/>
  <testcase name="getPrice" time="12.257" classname="com.uthej.testcases.IphoneSearch"/>
  <testcase name="homePageFlipkart" time="18.196" classname="com.uthej.testcases.IphoneSearch"/>
  <testcase name="enterNameSearchBoxflipkart" time="0.614" classname="com.uthej.testcases.IphoneSearch"/>
  <testcase name="clicksearchbuttonFlipkart" time="1.760" classname="com.uthej.testcases.IphoneSearch"/>
  <testcase name="priceflipkart" time="1.060" classname="com.uthej.testcases.IphoneSearch"/>
  <testcase name="decider" time="0.002" classname="com.uthej.testcases.IphoneSearch"/>
</testsuite> <!-- com.uthej.testcases.IphoneSearch -->
