<?xml version="1.0" encoding="UTF-8"?>
<!-- Generated by org.testng.reporters.JUnitReportReporter -->
<testsuite skipped="0" hostname="P11-AS-43V5LC2" name="com.uthej.testcases.IphoneSearch" tests="9" failures="0" timestamp="19 Feb 2020 13:53:58 GMT" time="17.957" errors="0">
  <testcase name="homePageAmazon" time="0.074" classname="com.uthej.testcases.IphoneSearch"/>
  <testcase name="enterNameSearchBox" time="1.038" classname="com.uthej.testcases.IphoneSearch"/>
  <testcase name="clicksearchbutton" time="3.008" classname="com.uthej.testcases.IphoneSearch"/>
  <testcase name="getPrice" time="4.332" classname="com.uthej.testcases.IphoneSearch"/>
  <testcase name="homePageFlipkart" time="6.086" classname="com.uthej.testcases.IphoneSearch"/>
  <testcase name="enterNameSearchBoxflipkart" time="0.643" classname="com.uthej.testcases.IphoneSearch"/>
  <testcase name="clicksearchbuttonFlipkart" time="1.939" classname="com.uthej.testcases.IphoneSearch"/>
  <testcase name="priceflipkart" time="0.835" classname="com.uthej.testcases.IphoneSearch"/>
  <testcase name="decider" time="0.002" classname="com.uthej.testcases.IphoneSearch"/>
</testsuite> <!-- com.uthej.testcases.IphoneSearch -->
